0 info it worked if it ends with ok
1 verbose cli [ '/usr/local/bin/node', '/usr/local/bin/npm', 'run', 'meteor' ]
2 info using npm@3.10.10
3 info using node@v6.6.0
4 verbose run-script [ 'premeteor', 'meteor', 'postmeteor' ]
5 info lifecycle stock-tracker@~premeteor: stock-tracker@
6 silly lifecycle stock-tracker@~premeteor: no script for premeteor, continuing
7 info lifecycle stock-tracker@~meteor: stock-tracker@
8 verbose lifecycle stock-tracker@~meteor: unsafe-perm in lifecycle true
9 verbose lifecycle stock-tracker@~meteor: PATH: /usr/local/lib/node_modules/npm/bin/node-gyp-bin:/Users/smaurya/workshop/stock-tracker/node_modules/.bin:/Users/smaurya/.rvm/gems/ruby-1.9.3-p551/bin:/Users/smaurya/.rvm/gems/ruby-1.9.3-p551@global/bin:/Users/smaurya/.rvm/rubies/ruby-1.9.3-p551/bin:/usr/bin:/bin:/usr/sbin:/sbin:/usr/local/bin:/Users/smaurya/.rvm/gems/ruby-1.9.3-p551/bin:/Users/smaurya/.rvm/gems/ruby-1.9.3-p551@global/bin:/Users/smaurya/.rvm/rubies/ruby-1.9.3-p551/bin:/Users/smaurya/workshop/commands:/Users/smaurya/Library/Python/2.7/bin:/Users/smaurya/.rvm/bin:/Users/smaurya/workshop/commands:/Users/smaurya/Library/Python/2.7/bin
10 verbose lifecycle stock-tracker@~meteor: CWD: /Users/smaurya/workshop/stock-tracker
11 silly lifecycle stock-tracker@~meteor: Args: [ '-c', 'MONGO_URL=mongodb://localhost:27017/meteor meteor' ]
12 silly lifecycle stock-tracker@~meteor: Returned: code: 254  signal: null
13 info lifecycle stock-tracker@~meteor: Failed to exec meteor script
14 verbose stack Error: stock-tracker@ meteor: `MONGO_URL=mongodb://localhost:27017/meteor meteor`
14 verbose stack Exit status 254
14 verbose stack     at EventEmitter.<anonymous> (/usr/local/lib/node_modules/npm/lib/utils/lifecycle.js:255:16)
14 verbose stack     at emitTwo (events.js:106:13)
14 verbose stack     at EventEmitter.emit (events.js:191:7)
14 verbose stack     at ChildProcess.<anonymous> (/usr/local/lib/node_modules/npm/lib/utils/spawn.js:40:14)
14 verbose stack     at emitTwo (events.js:106:13)
14 verbose stack     at ChildProcess.emit (events.js:191:7)
14 verbose stack     at maybeClose (internal/child_process.js:877:16)
14 verbose stack     at Process.ChildProcess._handle.onexit (internal/child_process.js:226:5)
15 verbose pkgid stock-tracker@
16 verbose cwd /Users/smaurya/workshop/stock-tracker
17 error Darwin 16.5.0
18 error argv "/usr/local/bin/node" "/usr/local/bin/npm" "run" "meteor"
19 error node v6.6.0
20 error npm  v3.10.10
21 error code ELIFECYCLE
22 error stock-tracker@ meteor: `MONGO_URL=mongodb://localhost:27017/meteor meteor`
22 error Exit status 254
23 error Failed at the stock-tracker@ meteor script 'MONGO_URL=mongodb://localhost:27017/meteor meteor'.
23 error Make sure you have the latest version of node.js and npm installed.
23 error If you do, this is most likely a problem with the stock-tracker package,
23 error not with npm itself.
23 error Tell the author that this fails on your system:
23 error     MONGO_URL=mongodb://localhost:27017/meteor meteor
23 error You can get information on how to open an issue for this project with:
23 error     npm bugs stock-tracker
23 error Or if that isn't available, you can get their info via:
23 error     npm owner ls stock-tracker
23 error There is likely additional logging output above.
24 verbose exit [ 1, true ]
